<?xml version="1.0" encoding="UTF-8"?>
<!-- Generated by org.testng.reporters.JUnitXMLReporter -->
<testsuite ignored="0" hostname="Emmanuels-MBP" failures="0" tests="4" name="Default test" time="1.994" errors="0" timestamp="2020-11-20T01:32:08 EST">
  <testcase classname="RestAssuredDemo.RestAssuredDemo.Employees" name="deleteEmployee" time="1.267"/>
  <testcase classname="RestAssuredDemo.RestAssuredDemo.Employees" name="testAddEmployee" time="0.493"/>
  <testcase classname="RestAssuredDemo.RestAssuredDemo.Employees" name="testGetEmployee" time="0.094"/>
  <testcase classname="RestAssuredDemo.RestAssuredDemo.Employees" name="updateEmployee" time="0.106"/>
</testsuite> <!-- Default test -->
