<?xml version="1.0" encoding="UTF-8"?>
<testng-results ignored="0" total="4" passed="4" failed="0" skipped="0">
  <reporter-output>
  </reporter-output>
  <suite started-at="2020-11-20T01:32:06 EST" name="Default suite" finished-at="2020-11-20T01:32:08 EST" duration-ms="1994">
    <groups>
    </groups>
    <test started-at="2020-11-20T01:32:06 EST" name="Default test" finished-at="2020-11-20T01:32:08 EST" duration-ms="1994">
      <class name="RestAssuredDemo.RestAssuredDemo.Employees">
        <test-method signature="deleteEmployee()[pri:0, instance:RestAssuredDemo.RestAssuredDemo.Employees@5906ebcb]" started-at="2020-11-20T01:32:06 EST" name="deleteEmployee" finished-at="2020-11-20T01:32:08 EST" duration-ms="1267" status="PASS">
          <reporter-output>
          </reporter-output>
        </test-method> <!-- deleteEmployee -->
        <test-method signature="testAddEmployee()[pri:0, instance:RestAssuredDemo.RestAssuredDemo.Employees@5906ebcb]" started-at="2020-11-20T01:32:08 EST" name="testAddEmployee" finished-at="2020-11-20T01:32:08 EST" duration-ms="493" status="PASS">
          <reporter-output>
          </reporter-output>
        </test-method> <!-- testAddEmployee -->
        <test-method signature="testGetEmployee()[pri:0, instance:RestAssuredDemo.RestAssuredDemo.Employees@5906ebcb]" started-at="2020-11-20T01:32:08 EST" name="testGetEmployee" finished-at="2020-11-20T01:32:08 EST" duration-ms="94" status="PASS">
          <reporter-output>
          </reporter-output>
        </test-method> <!-- testGetEmployee -->
        <test-method signature="updateEmployee()[pri:0, instance:RestAssuredDemo.RestAssuredDemo.Employees@5906ebcb]" started-at="2020-11-20T01:32:08 EST" name="updateEmployee" finished-at="2020-11-20T01:32:08 EST" duration-ms="106" status="PASS">
          <reporter-output>
          </reporter-output>
        </test-method> <!-- updateEmployee -->
      </class> <!-- RestAssuredDemo.RestAssuredDemo.Employees -->
    </test> <!-- Default test -->
  </suite> <!-- Default suite -->
</testng-results>
